Start testing: Dec 29 20:34 CET
----------------------------------------------------------
1/5 Testing: InitialStatePendulumTest.InitialState
1/5 Test: InitialStatePendulumTest.InitialState
Command: "/Users/ludwig.gaertner/Documents/Code/private/cpendulum/bin/src/my_test" "--gtest_filter=InitialStatePendulumTest.InitialState" "--gtest_also_run_disabled_tests"
Directory: /Users/ludwig.gaertner/Documents/Code/private/cpendulum/bin/src
"InitialStatePendulumTest.InitialState" start time: Dec 29 20:34 CET
Output:
----------------------------------------------------------
Running main() from /Users/ludwig.gaertner/Documents/Code/private/cpendulum/external/googletest/googletest/src/gtest_main.cc
Note: Google Test filter = InitialStatePendulumTest.InitialState
[==========] Running 1 test from 1 test suite.
[----------] Global test environment set-up.
[----------] 1 test from InitialStatePendulumTest
[ RUN      ] InitialStatePendulumTest.InitialState
[       OK ] InitialStatePendulumTest.InitialState (0 ms)
[----------] 1 test from InitialStatePendulumTest (0 ms total)

[----------] Global test environment tear-down
[==========] 1 test from 1 test suite ran. (0 ms total)
[  PASSED  ] 1 test.
<end of output>
Test time =   0.01 sec
----------------------------------------------------------
Test Passed.
"InitialStatePendulumTest.InitialState" end time: Dec 29 20:34 CET
"InitialStatePendulumTest.InitialState" time elapsed: 00:00:00
----------------------------------------------------------

2/5 Testing: InitialStatePendulumTest.InitStateUpUp
2/5 Test: InitialStatePendulumTest.InitStateUpUp
Command: "/Users/ludwig.gaertner/Documents/Code/private/cpendulum/bin/src/my_test" "--gtest_filter=InitialStatePendulumTest.InitStateUpUp" "--gtest_also_run_disabled_tests"
Directory: /Users/ludwig.gaertner/Documents/Code/private/cpendulum/bin/src
"InitialStatePendulumTest.InitStateUpUp" start time: Dec 29 20:34 CET
Output:
----------------------------------------------------------
Running main() from /Users/ludwig.gaertner/Documents/Code/private/cpendulum/external/googletest/googletest/src/gtest_main.cc
Note: Google Test filter = InitialStatePendulumTest.InitStateUpUp
[==========] Running 1 test from 1 test suite.
[----------] Global test environment set-up.
[----------] 1 test from InitialStatePendulumTest
[ RUN      ] InitialStatePendulumTest.InitStateUpUp
[       OK ] InitialStatePendulumTest.InitStateUpUp (0 ms)
[----------] 1 test from InitialStatePendulumTest (0 ms total)

[----------] Global test environment tear-down
[==========] 1 test from 1 test suite ran. (0 ms total)
[  PASSED  ] 1 test.
<end of output>
Test time =   0.01 sec
----------------------------------------------------------
Test Passed.
"InitialStatePendulumTest.InitStateUpUp" end time: Dec 29 20:34 CET
"InitialStatePendulumTest.InitStateUpUp" time elapsed: 00:00:00
----------------------------------------------------------

3/5 Testing: InitialStatePendulumTest.InitStateDownDown
3/5 Test: InitialStatePendulumTest.InitStateDownDown
Command: "/Users/ludwig.gaertner/Documents/Code/private/cpendulum/bin/src/my_test" "--gtest_filter=InitialStatePendulumTest.InitStateDownDown" "--gtest_also_run_disabled_tests"
Directory: /Users/ludwig.gaertner/Documents/Code/private/cpendulum/bin/src
"InitialStatePendulumTest.InitStateDownDown" start time: Dec 29 20:34 CET
Output:
----------------------------------------------------------
Running main() from /Users/ludwig.gaertner/Documents/Code/private/cpendulum/external/googletest/googletest/src/gtest_main.cc
Note: Google Test filter = InitialStatePendulumTest.InitStateDownDown
[==========] Running 1 test from 1 test suite.
[----------] Global test environment set-up.
[----------] 1 test from InitialStatePendulumTest
[ RUN      ] InitialStatePendulumTest.InitStateDownDown
[       OK ] InitialStatePendulumTest.InitStateDownDown (0 ms)
[----------] 1 test from InitialStatePendulumTest (0 ms total)

[----------] Global test environment tear-down
[==========] 1 test from 1 test suite ran. (0 ms total)
[  PASSED  ] 1 test.
<end of output>
Test time =   0.00 sec
----------------------------------------------------------
Test Passed.
"InitialStatePendulumTest.InitStateDownDown" end time: Dec 29 20:34 CET
"InitialStatePendulumTest.InitStateDownDown" time elapsed: 00:00:00
----------------------------------------------------------

4/5 Testing: SimulationPendulumTest.InitialState
4/5 Test: SimulationPendulumTest.InitialState
Command: "/Users/ludwig.gaertner/Documents/Code/private/cpendulum/bin/src/my_test" "--gtest_filter=SimulationPendulumTest.InitialState" "--gtest_also_run_disabled_tests"
Directory: /Users/ludwig.gaertner/Documents/Code/private/cpendulum/bin/src
"SimulationPendulumTest.InitialState" start time: Dec 29 20:34 CET
Output:
----------------------------------------------------------
Running main() from /Users/ludwig.gaertner/Documents/Code/private/cpendulum/external/googletest/googletest/src/gtest_main.cc
Note: Google Test filter = SimulationPendulumTest.InitialState
[==========] Running 1 test from 1 test suite.
[----------] Global test environment set-up.
[----------] 1 test from SimulationPendulumTest
[ RUN      ] SimulationPendulumTest.InitialState
[       OK ] SimulationPendulumTest.InitialState (0 ms)
[----------] 1 test from SimulationPendulumTest (0 ms total)

[----------] Global test environment tear-down
[==========] 1 test from 1 test suite ran. (0 ms total)
[  PASSED  ] 1 test.
<end of output>
Test time =   0.00 sec
----------------------------------------------------------
Test Passed.
"SimulationPendulumTest.InitialState" end time: Dec 29 20:34 CET
"SimulationPendulumTest.InitialState" time elapsed: 00:00:00
----------------------------------------------------------

5/5 Testing: SimulationPendulumTest.StateAfterOneIteration
5/5 Test: SimulationPendulumTest.StateAfterOneIteration
Command: "/Users/ludwig.gaertner/Documents/Code/private/cpendulum/bin/src/my_test" "--gtest_filter=SimulationPendulumTest.StateAfterOneIteration" "--gtest_also_run_disabled_tests"
Directory: /Users/ludwig.gaertner/Documents/Code/private/cpendulum/bin/src
"SimulationPendulumTest.StateAfterOneIteration" start time: Dec 29 20:34 CET
Output:
----------------------------------------------------------
Running main() from /Users/ludwig.gaertner/Documents/Code/private/cpendulum/external/googletest/googletest/src/gtest_main.cc
Note: Google Test filter = SimulationPendulumTest.StateAfterOneIteration
[==========] Running 1 test from 1 test suite.
[----------] Global test environment set-up.
[----------] 1 test from SimulationPendulumTest
[ RUN      ] SimulationPendulumTest.StateAfterOneIteration
[       OK ] SimulationPendulumTest.StateAfterOneIteration (0 ms)
[----------] 1 test from SimulationPendulumTest (0 ms total)

[----------] Global test environment tear-down
[==========] 1 test from 1 test suite ran. (0 ms total)
[  PASSED  ] 1 test.
<end of output>
Test time =   0.00 sec
----------------------------------------------------------
Test Passed.
"SimulationPendulumTest.StateAfterOneIteration" end time: Dec 29 20:34 CET
"SimulationPendulumTest.StateAfterOneIteration" time elapsed: 00:00:00
----------------------------------------------------------

End testing: Dec 29 20:34 CET
